<?xml version="1.0" encoding="UTF-8"?>
<testsuite xmlns:xsi="http://www.w3.org/2001/XMLSchema-instance" xsi:noNamespaceSchemaLocation="https://maven.apache.org/surefire/maven-surefire-plugin/xsd/surefire-test-report-3.0.xsd" version="3.0" name="pe.edu.pucp.squirlearn.dao.alquiler.AlquilerDaoTest" time="41.802" tests="5" errors="0" skipped="0" failures="5">
  <properties>
    <property name="java.specification.version" value="24"/>
    <property name="sun.cpu.isalist" value="amd64"/>
    <property name="sun.jnu.encoding" value="Cp1252"/>
    <property name="java.class.path" value="C:\Users\adria\Documents\PUCP\6to Ciclo\P3\TA\Squirlearn\SquirlearnPersistance\target\test-classes;C:\Users\adria\Documents\PUCP\6to Ciclo\P3\TA\Squirlearn\SquirlearnPersistance\target\classes;C:\Users\adria\.m2\repository\com\mycompany\SquirlearnDBManager\1.0-SNAPSHOT\SquirlearnDBManager-1.0-SNAPSHOT.jar;C:\Users\adria\.m2\repository\commons-codec\commons-codec\1.18.0\commons-codec-1.18.0.jar;C:\Users\adria\.m2\repository\com\mysql\mysql-connector-j\9.2.0\mysql-connector-j-9.2.0.jar;C:\Users\adria\.m2\repository\com\google\protobuf\protobuf-java\4.29.0\protobuf-java-4.29.0.jar;C:\Users\adria\.m2\repository\com\mycompany\SquirlearnModel\1.0-SNAPSHOT\SquirlearnModel-1.0-SNAPSHOT.jar;C:\Users\adria\.m2\repository\org\junit\jupiter\junit-jupiter-api\5.10.3\junit-jupiter-api-5.10.3.jar;C:\Users\adria\.m2\repository\org\opentest4j\opentest4j\1.3.0\opentest4j-1.3.0.jar;C:\Users\adria\.m2\repository\org\junit\platform\junit-platform-commons\1.10.3\junit-platform-commons-1.10.3.jar;C:\Users\adria\.m2\repository\org\apiguardian\apiguardian-api\1.1.2\apiguardian-api-1.1.2.jar;C:\Users\adria\.m2\repository\org\junit\jupiter\junit-jupiter-params\5.10.3\junit-jupiter-params-5.10.3.jar;C:\Users\adria\.m2\repository\org\junit\jupiter\junit-jupiter-engine\5.10.3\junit-jupiter-engine-5.10.3.jar;C:\Users\adria\.m2\repository\org\junit\platform\junit-platform-engine\1.10.3\junit-platform-engine-1.10.3.jar;"/>
    <property name="java.vm.vendor" value="Azul Systems, Inc."/>
    <property name="sun.arch.data.model" value="64"/>
    <property name="user.variant" value=""/>
    <property name="java.vendor.url" value="http://www.azul.com/"/>
    <property name="user.timezone" value="America/Lima"/>
    <property name="os.name" value="Windows 11"/>
    <property name="java.vm.specification.version" value="24"/>
    <property name="user.country" value="PE"/>
    <property name="sun.java.launcher" value="SUN_STANDARD"/>
    <property name="sun.boot.library.path" value="C:\Program Files\Apache NetBeans\jdk\bin"/>
    <property name="sun.java.command" value="C:\Users\adria\AppData\Local\Temp\surefire8380143793887200253\surefirebooter-20251010063147403_3.jar C:\Users\adria\AppData\Local\Temp\surefire8380143793887200253 2025-10-10T06-31-47_208-jvmRun1 surefire-20251010063147403_1tmp surefire_0-20251010063147403_2tmp"/>
    <property name="jdk.debug" value="release"/>
    <property name="surefire.test.class.path" value="C:\Users\adria\Documents\PUCP\6to Ciclo\P3\TA\Squirlearn\SquirlearnPersistance\target\test-classes;C:\Users\adria\Documents\PUCP\6to Ciclo\P3\TA\Squirlearn\SquirlearnPersistance\target\classes;C:\Users\adria\.m2\repository\com\mycompany\SquirlearnDBManager\1.0-SNAPSHOT\SquirlearnDBManager-1.0-SNAPSHOT.jar;C:\Users\adria\.m2\repository\commons-codec\commons-codec\1.18.0\commons-codec-1.18.0.jar;C:\Users\adria\.m2\repository\com\mysql\mysql-connector-j\9.2.0\mysql-connector-j-9.2.0.jar;C:\Users\adria\.m2\repository\com\google\protobuf\protobuf-java\4.29.0\protobuf-java-4.29.0.jar;C:\Users\adria\.m2\repository\com\mycompany\SquirlearnModel\1.0-SNAPSHOT\SquirlearnModel-1.0-SNAPSHOT.jar;C:\Users\adria\.m2\repository\org\junit\jupiter\junit-jupiter-api\5.10.3\junit-jupiter-api-5.10.3.jar;C:\Users\adria\.m2\repository\org\opentest4j\opentest4j\1.3.0\opentest4j-1.3.0.jar;C:\Users\adria\.m2\repository\org\junit\platform\junit-platform-commons\1.10.3\junit-platform-commons-1.10.3.jar;C:\Users\adria\.m2\repository\org\apiguardian\apiguardian-api\1.1.2\apiguardian-api-1.1.2.jar;C:\Users\adria\.m2\repository\org\junit\jupiter\junit-jupiter-params\5.10.3\junit-jupiter-params-5.10.3.jar;C:\Users\adria\.m2\repository\org\junit\jupiter\junit-jupiter-engine\5.10.3\junit-jupiter-engine-5.10.3.jar;C:\Users\adria\.m2\repository\org\junit\platform\junit-platform-engine\1.10.3\junit-platform-engine-1.10.3.jar;"/>
    <property name="sun.cpu.endian" value="little"/>
    <property name="user.home" value="C:\Users\adria"/>
    <property name="user.language" value="es"/>
    <property name="java.specification.vendor" value="Oracle Corporation"/>
    <property name="java.version.date" value="2025-04-15"/>
    <property name="java.home" value="C:\Program Files\Apache NetBeans\jdk"/>
    <property name="file.separator" value="\"/>
    <property name="basedir" value="C:\Users\adria\Documents\PUCP\6to Ciclo\P3\TA\Squirlearn\SquirlearnPersistance"/>
    <property name="java.vm.compressedOopsMode" value="Zero based"/>
    <property name="line.separator" value="&#10;"/>
    <property name="java.vm.specification.vendor" value="Oracle Corporation"/>
    <property name="java.specification.name" value="Java Platform API Specification"/>
    <property name="surefire.real.class.path" value="C:\Users\adria\AppData\Local\Temp\surefire8380143793887200253\surefirebooter-20251010063147403_3.jar"/>
    <property name="user.script" value=""/>
    <property name="sun.management.compiler" value="HotSpot 64-Bit Tiered Compilers"/>
    <property name="java.runtime.version" value="24.0.1+9"/>
    <property name="user.name" value="adria"/>
    <property name="stdout.encoding" value="Cp1252"/>
    <property name="path.separator" value=";"/>
    <property name="os.version" value="10.0"/>
    <property name="java.runtime.name" value="OpenJDK Runtime Environment"/>
    <property name="file.encoding" value="UTF-8"/>
    <property name="java.vm.name" value="OpenJDK 64-Bit Server VM"/>
    <property name="java.vendor.version" value="Zulu24.30+11-CA"/>
    <property name="maven.ext.class.path" value="C:\Program Files\Apache NetBeans\java\maven-nblib\netbeans-eventspy.jar"/>
    <property name="localRepository" value="C:\Users\adria\.m2\repository"/>
    <property name="java.vendor.url.bug" value="http://www.azul.com/support/"/>
    <property name="java.io.tmpdir" value="C:\Users\adria\AppData\Local\Temp\"/>
    <property name="java.version" value="24.0.1"/>
    <property name="user.dir" value="C:\Users\adria\Documents\PUCP\6to Ciclo\P3\TA\Squirlearn\SquirlearnPersistance"/>
    <property name="os.arch" value="amd64"/>
    <property name="java.vm.specification.name" value="Java Virtual Machine Specification"/>
    <property name="sun.os.patch.level" value=""/>
    <property name="native.encoding" value="Cp1252"/>
    <property name="java.library.path" value="C:\Program Files\Apache NetBeans\jdk\bin;C:\WINDOWS\Sun\Java\bin;C:\WINDOWS\system32;C:\WINDOWS;C:\Program Files\Java\jdk-11\bin;C:\Program Files\Common Files\Oracle\Java\javapath;C:\Program Files (x86)\Razer Chroma SDK\bin;C:\Program Files\Razer Chroma SDK\bin;C:\Program Files (x86)\Common Files\Oracle\Java\javapath;C:\Program Files (x86)\Razer\ChromaBroadcast\bin;C:\Program Files\Razer\ChromaBroadcast\bin;C:\Windows\system32;C:\Windows;C:\Windows\System32\Wbem;C:\Windows\System32\WindowsPowerShell\v1.0\;C:\Windows\System32\OpenSSH\;C:\Program Files (x86)\NVIDIA Corporation\PhysX\Common;C:\Windows\system32\config\systemprofile\AppData\Local\Microsoft\WindowsApps;C:\Program Files\dotnet\;C:\MinGW\bin;C:\MinGW\MSYS\1.0\bin;C:\WINDOWS\system32;C:\WINDOWS;C:\WINDOWS\System32\Wbem;C:\WINDOWS\System32\WindowsPowerShell\v1.0\;C:\WINDOWS\System32\OpenSSH\;C:\Program Files\NVIDIA Corporation\NVIDIA App\NvDLISR;C:\Program Files\Microsoft SQL Server\150\Tools\Binn\;C:\Program Files\Microsoft SQL Server\Client SDK\ODBC\170\Tools\Binn\;C:\Program Files\JetBrains\CLion 2025.2\bin\mingw\bin;C:\Program Files\JetBrains\CLion 2025.2\bin;C:\Program Files\MySQL\MySQL Server 8.0\bin;C:\Program Files (x86)\Microsoft SQL Server\160\Tools\Binn\;C:\Program Files\Microsoft SQL Server\160\Tools\Binn\;C:\Program Files\Microsoft SQL Server\160\DTS\Binn\;C:\Program Files\Microsoft SQL Server\170\DTS\Binn\;C:\Program Files (x86)\Windows Kits\10\Windows Performance Toolkit\;C:\Program Files\Git\cmd;C:\Program Files\MySQL\MySQL Shell 8.0\bin\;C:\Users\adria\AppData\Local\Programs\Python\Launcher\;C:\Users\adria\AppData\Local\Microsoft\WindowsApps;C:\Users\adria\AppData\Local\Programs\Microsoft VS Code\bin;C:\Users\adria\AppData\Local\GitHubDesktop\bin;C:\Users\adria\.dotnet\tools;."/>
    <property name="java.vm.info" value="mixed mode, sharing"/>
    <property name="stderr.encoding" value="Cp1252"/>
    <property name="java.vendor" value="Azul Systems, Inc."/>
    <property name="java.vm.version" value="24.0.1+9"/>
    <property name="sun.io.unicode.encoding" value="UnicodeLittle"/>
    <property name="java.class.version" value="68.0"/>
  </properties>
  <testcase name="testModificar" classname="pe.edu.pucp.squirlearn.dao.alquiler.AlquilerDaoTest" time="7.044">
    <failure message="expected: &lt;3&gt; but was: &lt;4&gt;" type="org.opentest4j.AssertionFailedError"><![CDATA[org.opentest4j.AssertionFailedError: expected: <3> but was: <4>
	at org.junit.jupiter.api.AssertionFailureBuilder.build(AssertionFailureBuilder.java:151)
	at org.junit.jupiter.api.AssertionFailureBuilder.buildAndThrow(AssertionFailureBuilder.java:132)
	at org.junit.jupiter.api.AssertEquals.failNotEqual(AssertEquals.java:197)
	at org.junit.jupiter.api.AssertEquals.assertEquals(AssertEquals.java:150)
	at org.junit.jupiter.api.AssertEquals.assertEquals(AssertEquals.java:145)
	at org.junit.jupiter.api.Assertions.assertEquals(Assertions.java:531)
	at pe.edu.pucp.squirlearn.dao.alquiler.AlquilerDaoTest.testModificar(AlquilerDaoTest.java:105)
	at java.base/java.lang.reflect.Method.invoke(Method.java:565)
	at java.base/java.util.ArrayList.forEach(ArrayList.java:1604)
	at java.base/java.util.ArrayList.forEach(ArrayList.java:1604)
]]></failure>
    <system-out><![CDATA[modificar
INSERT INTO alquileres(PERSONA_ID, ITEM_ID, FECHA_INICIO, FECHA_FIN, DEVUELTO, MONTO, FECHA_CREACION, USUARIO_CREACION, FECHA_MODIFICACION, USUARIO_MODIFICACION) VALUES (?, ?, ?, ?, ?, ?, ?, ?, ?, ?)
INSERT INTO alquileres(PERSONA_ID, ITEM_ID, FECHA_INICIO, FECHA_FIN, DEVUELTO, MONTO, FECHA_CREACION, USUARIO_CREACION, FECHA_MODIFICACION, USUARIO_MODIFICACION) VALUES (?, ?, ?, ?, ?, ?, ?, ?, ?, ?)
INSERT INTO alquileres(PERSONA_ID, ITEM_ID, FECHA_INICIO, FECHA_FIN, DEVUELTO, MONTO, FECHA_CREACION, USUARIO_CREACION, FECHA_MODIFICACION, USUARIO_MODIFICACION) VALUES (?, ?, ?, ?, ?, ?, ?, ?, ?, ?)
SELECT ALQUILER_ID, PERSONA_ID, ITEM_ID, FECHA_INICIO, FECHA_FIN, DEVUELTO, MONTO, FECHA_CREACION, USUARIO_CREACION, FECHA_MODIFICACION, USUARIO_MODIFICACION FROM alquileres
]]></system-out>
  </testcase>
  <testcase name="testObtenerPorId" classname="pe.edu.pucp.squirlearn.dao.alquiler.AlquilerDaoTest" time="11.824">
    <failure message="expected: not equal but was: &lt;0&gt;" type="org.opentest4j.AssertionFailedError"><![CDATA[org.opentest4j.AssertionFailedError: expected: not equal but was: <0>
	at org.junit.jupiter.api.AssertionFailureBuilder.build(AssertionFailureBuilder.java:152)
	at org.junit.jupiter.api.AssertionFailureBuilder.buildAndThrow(AssertionFailureBuilder.java:132)
	at org.junit.jupiter.api.AssertNotEquals.failEqual(AssertNotEquals.java:277)
	at org.junit.jupiter.api.AssertNotEquals.assertNotEquals(AssertNotEquals.java:263)
	at org.junit.jupiter.api.AssertNotEquals.assertNotEquals(AssertNotEquals.java:258)
	at org.junit.jupiter.api.Assertions.assertNotEquals(Assertions.java:1991)
	at pe.edu.pucp.squirlearn.dao.alquiler.AlquilerDaoTest.eliminarTodo(AlquilerDaoTest.java:128)
	at pe.edu.pucp.squirlearn.dao.alquiler.AlquilerDaoTest.testObtenerPorId(AlquilerDaoTest.java:81)
	at java.base/java.lang.reflect.Method.invoke(Method.java:565)
	at java.base/java.util.ArrayList.forEach(ArrayList.java:1604)
	at java.base/java.util.ArrayList.forEach(ArrayList.java:1604)
]]></failure>
    <system-out><![CDATA[obtenerPorId
INSERT INTO alquileres(PERSONA_ID, ITEM_ID, FECHA_INICIO, FECHA_FIN, DEVUELTO, MONTO, FECHA_CREACION, USUARIO_CREACION, FECHA_MODIFICACION, USUARIO_MODIFICACION) VALUES (?, ?, ?, ?, ?, ?, ?, ?, ?, ?)
INSERT INTO alquileres(PERSONA_ID, ITEM_ID, FECHA_INICIO, FECHA_FIN, DEVUELTO, MONTO, FECHA_CREACION, USUARIO_CREACION, FECHA_MODIFICACION, USUARIO_MODIFICACION) VALUES (?, ?, ?, ?, ?, ?, ?, ?, ?, ?)
INSERT INTO alquileres(PERSONA_ID, ITEM_ID, FECHA_INICIO, FECHA_FIN, DEVUELTO, MONTO, FECHA_CREACION, USUARIO_CREACION, FECHA_MODIFICACION, USUARIO_MODIFICACION) VALUES (?, ?, ?, ?, ?, ?, ?, ?, ?, ?)
SELECT ALQUILER_ID, PERSONA_ID, ITEM_ID, FECHA_INICIO, FECHA_FIN, DEVUELTO, MONTO, FECHA_CREACION, USUARIO_CREACION, FECHA_MODIFICACION, USUARIO_MODIFICACION FROM alquileres WHERE ALQUILER_ID=?
SELECT ALQUILER_ID, PERSONA_ID, ITEM_ID, FECHA_INICIO, FECHA_FIN, DEVUELTO, MONTO, FECHA_CREACION, USUARIO_CREACION, FECHA_MODIFICACION, USUARIO_MODIFICACION FROM alquileres WHERE ALQUILER_ID=?
SELECT ALQUILER_ID, PERSONA_ID, ITEM_ID, FECHA_INICIO, FECHA_FIN, DEVUELTO, MONTO, FECHA_CREACION, USUARIO_CREACION, FECHA_MODIFICACION, USUARIO_MODIFICACION FROM alquileres WHERE ALQUILER_ID=?
SELECT ALQUILER_ID, PERSONA_ID, ITEM_ID, FECHA_INICIO, FECHA_FIN, DEVUELTO, MONTO, FECHA_CREACION, USUARIO_CREACION, FECHA_MODIFICACION, USUARIO_MODIFICACION FROM alquileres
DELETE FROM alquileres WHERE ALQUILER_ID=?
]]></system-out>
    <system-err><![CDATA[Error al intentar insertar - java.sql.SQLIntegrityConstraintViolationException: Cannot delete or update a parent row: a foreign key constraint fails (`mydb`.`detalles_comprobantes`, CONSTRAINT `fk_DETALLE_COMPROBANTE_ALQUILER1` FOREIGN KEY (`ALQUILER_ID_ALQUILER`) REFERENCES `alquileres` (`ALQUILER_ID`))
]]></system-err>
  </testcase>
  <testcase name="testEliminar" classname="pe.edu.pucp.squirlearn.dao.alquiler.AlquilerDaoTest" time="8.018">
    <failure message="expected: not equal but was: &lt;0&gt;" type="org.opentest4j.AssertionFailedError"><![CDATA[org.opentest4j.AssertionFailedError: expected: not equal but was: <0>
	at org.junit.jupiter.api.AssertionFailureBuilder.build(AssertionFailureBuilder.java:152)
	at org.junit.jupiter.api.AssertionFailureBuilder.buildAndThrow(AssertionFailureBuilder.java:132)
	at org.junit.jupiter.api.AssertNotEquals.failEqual(AssertNotEquals.java:277)
	at org.junit.jupiter.api.AssertNotEquals.assertNotEquals(AssertNotEquals.java:263)
	at org.junit.jupiter.api.AssertNotEquals.assertNotEquals(AssertNotEquals.java:258)
	at org.junit.jupiter.api.Assertions.assertNotEquals(Assertions.java:1991)
	at pe.edu.pucp.squirlearn.dao.alquiler.AlquilerDaoTest.eliminarTodo(AlquilerDaoTest.java:128)
	at pe.edu.pucp.squirlearn.dao.alquiler.AlquilerDaoTest.testEliminar(AlquilerDaoTest.java:121)
	at java.base/java.lang.reflect.Method.invoke(Method.java:565)
	at java.base/java.util.ArrayList.forEach(ArrayList.java:1604)
	at java.base/java.util.ArrayList.forEach(ArrayList.java:1604)
]]></failure>
    <system-out><![CDATA[eliminar
INSERT INTO alquileres(PERSONA_ID, ITEM_ID, FECHA_INICIO, FECHA_FIN, DEVUELTO, MONTO, FECHA_CREACION, USUARIO_CREACION, FECHA_MODIFICACION, USUARIO_MODIFICACION) VALUES (?, ?, ?, ?, ?, ?, ?, ?, ?, ?)
INSERT INTO alquileres(PERSONA_ID, ITEM_ID, FECHA_INICIO, FECHA_FIN, DEVUELTO, MONTO, FECHA_CREACION, USUARIO_CREACION, FECHA_MODIFICACION, USUARIO_MODIFICACION) VALUES (?, ?, ?, ?, ?, ?, ?, ?, ?, ?)
INSERT INTO alquileres(PERSONA_ID, ITEM_ID, FECHA_INICIO, FECHA_FIN, DEVUELTO, MONTO, FECHA_CREACION, USUARIO_CREACION, FECHA_MODIFICACION, USUARIO_MODIFICACION) VALUES (?, ?, ?, ?, ?, ?, ?, ?, ?, ?)
SELECT ALQUILER_ID, PERSONA_ID, ITEM_ID, FECHA_INICIO, FECHA_FIN, DEVUELTO, MONTO, FECHA_CREACION, USUARIO_CREACION, FECHA_MODIFICACION, USUARIO_MODIFICACION FROM alquileres
DELETE FROM alquileres WHERE ALQUILER_ID=?
]]></system-out>
    <system-err><![CDATA[Error al intentar insertar - java.sql.SQLIntegrityConstraintViolationException: Cannot delete or update a parent row: a foreign key constraint fails (`mydb`.`detalles_comprobantes`, CONSTRAINT `fk_DETALLE_COMPROBANTE_ALQUILER1` FOREIGN KEY (`ALQUILER_ID_ALQUILER`) REFERENCES `alquileres` (`ALQUILER_ID`))
]]></system-err>
  </testcase>
  <testcase name="testInsertar" classname="pe.edu.pucp.squirlearn.dao.alquiler.AlquilerDaoTest" time="7.913">
    <failure message="expected: not equal but was: &lt;0&gt;" type="org.opentest4j.AssertionFailedError"><![CDATA[org.opentest4j.AssertionFailedError: expected: not equal but was: <0>
	at org.junit.jupiter.api.AssertionFailureBuilder.build(AssertionFailureBuilder.java:152)
	at org.junit.jupiter.api.AssertionFailureBuilder.buildAndThrow(AssertionFailureBuilder.java:132)
	at org.junit.jupiter.api.AssertNotEquals.failEqual(AssertNotEquals.java:277)
	at org.junit.jupiter.api.AssertNotEquals.assertNotEquals(AssertNotEquals.java:263)
	at org.junit.jupiter.api.AssertNotEquals.assertNotEquals(AssertNotEquals.java:258)
	at org.junit.jupiter.api.Assertions.assertNotEquals(Assertions.java:1991)
	at pe.edu.pucp.squirlearn.dao.alquiler.AlquilerDaoTest.eliminarTodo(AlquilerDaoTest.java:128)
	at pe.edu.pucp.squirlearn.dao.alquiler.AlquilerDaoTest.testInsertar(AlquilerDaoTest.java:22)
	at java.base/java.lang.reflect.Method.invoke(Method.java:565)
	at java.base/java.util.ArrayList.forEach(ArrayList.java:1604)
	at java.base/java.util.ArrayList.forEach(ArrayList.java:1604)
]]></failure>
    <system-out><![CDATA[insertar
INSERT INTO alquileres(PERSONA_ID, ITEM_ID, FECHA_INICIO, FECHA_FIN, DEVUELTO, MONTO, FECHA_CREACION, USUARIO_CREACION, FECHA_MODIFICACION, USUARIO_MODIFICACION) VALUES (?, ?, ?, ?, ?, ?, ?, ?, ?, ?)
INSERT INTO alquileres(PERSONA_ID, ITEM_ID, FECHA_INICIO, FECHA_FIN, DEVUELTO, MONTO, FECHA_CREACION, USUARIO_CREACION, FECHA_MODIFICACION, USUARIO_MODIFICACION) VALUES (?, ?, ?, ?, ?, ?, ?, ?, ?, ?)
INSERT INTO alquileres(PERSONA_ID, ITEM_ID, FECHA_INICIO, FECHA_FIN, DEVUELTO, MONTO, FECHA_CREACION, USUARIO_CREACION, FECHA_MODIFICACION, USUARIO_MODIFICACION) VALUES (?, ?, ?, ?, ?, ?, ?, ?, ?, ?)
SELECT ALQUILER_ID, PERSONA_ID, ITEM_ID, FECHA_INICIO, FECHA_FIN, DEVUELTO, MONTO, FECHA_CREACION, USUARIO_CREACION, FECHA_MODIFICACION, USUARIO_MODIFICACION FROM alquileres
DELETE FROM alquileres WHERE ALQUILER_ID=?
]]></system-out>
    <system-err><![CDATA[Error al intentar insertar - java.sql.SQLIntegrityConstraintViolationException: Cannot delete or update a parent row: a foreign key constraint fails (`mydb`.`detalles_comprobantes`, CONSTRAINT `fk_DETALLE_COMPROBANTE_ALQUILER1` FOREIGN KEY (`ALQUILER_ID_ALQUILER`) REFERENCES `alquileres` (`ALQUILER_ID`))
]]></system-err>
  </testcase>
  <testcase name="testListarTodos" classname="pe.edu.pucp.squirlearn.dao.alquiler.AlquilerDaoTest" time="6.978">
    <failure message="expected: &lt;3&gt; but was: &lt;16&gt;" type="org.opentest4j.AssertionFailedError"><![CDATA[org.opentest4j.AssertionFailedError: expected: <3> but was: <16>
	at org.junit.jupiter.api.AssertionFailureBuilder.build(AssertionFailureBuilder.java:151)
	at org.junit.jupiter.api.AssertionFailureBuilder.buildAndThrow(AssertionFailureBuilder.java:132)
	at org.junit.jupiter.api.AssertEquals.failNotEqual(AssertEquals.java:197)
	at org.junit.jupiter.api.AssertEquals.assertEquals(AssertEquals.java:150)
	at org.junit.jupiter.api.AssertEquals.assertEquals(AssertEquals.java:145)
	at org.junit.jupiter.api.Assertions.assertEquals(Assertions.java:531)
	at pe.edu.pucp.squirlearn.dao.alquiler.AlquilerDaoTest.testListarTodos(AlquilerDaoTest.java:91)
	at java.base/java.lang.reflect.Method.invoke(Method.java:565)
	at java.base/java.util.ArrayList.forEach(ArrayList.java:1604)
	at java.base/java.util.ArrayList.forEach(ArrayList.java:1604)
]]></failure>
    <system-out><![CDATA[listarTodos
INSERT INTO alquileres(PERSONA_ID, ITEM_ID, FECHA_INICIO, FECHA_FIN, DEVUELTO, MONTO, FECHA_CREACION, USUARIO_CREACION, FECHA_MODIFICACION, USUARIO_MODIFICACION) VALUES (?, ?, ?, ?, ?, ?, ?, ?, ?, ?)
INSERT INTO alquileres(PERSONA_ID, ITEM_ID, FECHA_INICIO, FECHA_FIN, DEVUELTO, MONTO, FECHA_CREACION, USUARIO_CREACION, FECHA_MODIFICACION, USUARIO_MODIFICACION) VALUES (?, ?, ?, ?, ?, ?, ?, ?, ?, ?)
INSERT INTO alquileres(PERSONA_ID, ITEM_ID, FECHA_INICIO, FECHA_FIN, DEVUELTO, MONTO, FECHA_CREACION, USUARIO_CREACION, FECHA_MODIFICACION, USUARIO_MODIFICACION) VALUES (?, ?, ?, ?, ?, ?, ?, ?, ?, ?)
SELECT ALQUILER_ID, PERSONA_ID, ITEM_ID, FECHA_INICIO, FECHA_FIN, DEVUELTO, MONTO, FECHA_CREACION, USUARIO_CREACION, FECHA_MODIFICACION, USUARIO_MODIFICACION FROM alquileres
]]></system-out>
  </testcase>
</testsuite>